Arguments: 
  C:\Program Files\nodejs\node.exe C:\Users\peter\AppData\Roaming\npm\node_modules\yarn\bin\yarn.js add gatsby-transformer-remark

PATH: 
  C:\Program Files\PowerShell\7;C:\Python310\Scripts\;C:\Python310\;C:\Program Files (x86)\VMware\VMware Player\bin\;C:\Python39\Scripts\;C:\Python39\;C:\WINDOWS\system32;C:\WINDOWS;C:\WINDOWS\System32\Wbem;C:\WINDOWS\System32\WindowsPowerShell\v1.0\;C:\WINDOWS\System32\OpenSSH\;C:\Program Files\PuTTY\;C:\Program Files\Git\cmd;C:\Program Files\Go\bin;C:\ProgramData\chocolatey\bin;C:\Program Files\NVIDIA Corporation\NVIDIA NvDLISR;C:\Program Files (x86)\NVIDIA Corporation\PhysX\Common;C:\Program Files\dotnet\;C:\WINDOWS\system32;C:\WINDOWS;C:\WINDOWS\System32\Wbem;C:\WINDOWS\System32\WindowsPowerShell\v1.0\;C:\WINDOWS\System32\OpenSSH\;C:\Program Files\nodejs\;C:\Program Files\PowerShell\7\;C:\Program Files\Docker\Docker\resources\bin;C:\ProgramData\DockerDesktop\version-bin;C:\Users\peter\.poetry\bin;C:\Users\peter\.cargo\bin;C:\Users\peter\AppData\Local\Microsoft\WindowsApps;C:\Users\peter\AppData\Local\Programs\Microsoft VS Code\bin;C:\Users\peter\go\bin;C:\Users\peter\AppData\Local\Programs\IPFS Desktop\resources\app.asar.unpacked\src\ipfs-on-path\scripts\bin-win;C:\Users\peter\AppData\Local\Microsoft\WindowsApps;C:\Users\peter\AppData\Roaming\npm;C:\Users\peter\AppData\Local\GitHubDesktop\bin

Yarn version: 
  1.22.18

Node version: 
  16.16.0

Platform: 
  win32 x64

Trace: 
  Error: EPERM: operation not permitted, unlink 'C:\Users\peter\Documents\GitHub\personal-website\node_modules\@lmdb\lmdb-win32-x64\node.abi93.node'

npm manifest: 
  {
    "name": "personal-website",
    "version": "1.0.0",
    "private": true,
    "description": "personal-website",
    "author": "P.Okwara",
    "keywords": [
      "gatsby"
    ],
    "scripts": {
      "develop": "gatsby develop",
      "start": "gatsby develop",
      "build": "gatsby build",
      "serve": "gatsby serve",
      "clean": "gatsby clean"
    },
    "dependencies": {
      "gatsby": "^4.23.1",
      "gatsby-plugin-image": "^2.24.0",
      "gatsby-plugin-sharp": "^4.24.0",
      "gatsby-source-filesystem": "^4.24.0",
      "gatsby-transformer-sharp": "^4.24.0",
      "react": "^18.1.0",
      "react-dom": "^18.1.0"
    },
    "devDependencies": {
      "autoprefixer": "^10.4.12",
      "gatsby-plugin-postcss": "^5.23.0",
      "postcss": "^8.4.16",
      "tailwindcss": "^3.1.8"
    }
  }

yarn manifest: 
  No manifest

Lockfile: 
  No lockfile
